<?xml version="1.0" encoding="UTF-8"?>
<!-- Generated by org.testng.reporters.JUnitXMLReporter -->
<testsuite ignored="1" hostname="Haidar" failures="0" tests="2" name="Default test" time="23.139" errors="0" timestamp="2023-03-13T23:04:39 IST">
  <testcase classname="com.luna.testcases.NewRegistrationTest" name="logOutTest" time="5.588"/>
  <testcase classname="com.luna.testcases.NewRegistrationTest" name="verifyLogin" time="4.102"/>
  <testcase classname="com.luna.testcases.NewRegistrationTest" name="verifyRegistration" time="0.0">
    <ignored/>
  </testcase> <!-- verifyRegistration -->
</testsuite> <!-- Default test -->
