<?xml version="1.0" encoding="UTF-8"?>
<!-- Generated by org.testng.reporters.JUnitXMLReporter -->
<testsuite ignored="2" hostname="Haidar" failures="0" tests="1" name="Test(failed)(failed)" time="12.195" errors="0" timestamp="2023-03-14T23:38:56 IST">
  <testcase classname="com.luna.testcases.NewRegistrationTest" name="logOutTest" time="5.44"/>
  <testcase classname="com.luna.testcases.NewRegistrationTest" name="verifyLogin" time="0.0">
    <ignored/>
  </testcase> <!-- verifyLogin -->
  <testcase classname="com.luna.testcases.NewRegistrationTest" name="verifyRegistration" time="0.0">
    <ignored/>
  </testcase> <!-- verifyRegistration -->
</testsuite> <!-- Test(failed)(failed) -->
