<?xml version="1.0" encoding="UTF-8"?>
<!-- Generated by org.testng.reporters.JUnitXMLReporter -->
<testsuite ignored="1" hostname="Haidar" failures="0" tests="2" name="Test" time="15.198" errors="0" timestamp="2023-03-14T23:29:57 IST">
  <testcase classname="com.luna.testcases.NewRegistrationTest" name="verifyLogin" time="4.44"/>
  <testcase classname="com.luna.testcases.NewRegistrationTest" name="logOutTest" time="5.581"/>
  <testcase classname="com.luna.testcases.NewRegistrationTest" name="verifyRegistration" time="0.0">
    <ignored/>
  </testcase> <!-- verifyRegistration -->
</testsuite> <!-- Test -->
