<?xml version="1.0" encoding="UTF-8"?>
<testng-results ignored="1" total="3" passed="2" failed="0" skipped="0">
  <reporter-output>
  </reporter-output>
  <suite started-at="2023-03-14T23:29:42 IST" name="Suite" finished-at="2023-03-14T23:29:57 IST" duration-ms="15198">
    <groups>
    </groups>
    <test started-at="2023-03-14T23:29:42 IST" name="Test" finished-at="2023-03-14T23:29:57 IST" duration-ms="15198">
      <class name="com.luna.testcases.NewRegistrationTest">
        <test-method is-config="true" signature="setup()[pri:0, instance:com.luna.testcases.NewRegistrationTest@5af3afd9]" started-at="2023-03-14T23:29:42 IST" name="setup" finished-at="2023-03-14T23:29:49 IST" duration-ms="7290" status="PASS">
          <reporter-output>
          </reporter-output>
        </test-method> <!-- setup -->
        <test-method is-config="true" signature="setup()[pri:0, instance:com.luna.testcases.NewRegistrationTest@5af3afd9]" started-at="2023-03-14T23:29:42 IST" name="setup" finished-at="2023-03-14T23:29:51 IST" duration-ms="8923" status="PASS">
          <reporter-output>
          </reporter-output>
        </test-method> <!-- setup -->
        <test-method signature="verifyLogin()[pri:0, instance:com.luna.testcases.NewRegistrationTest@5af3afd9]" started-at="2023-03-14T23:29:49 IST" name="verifyLogin" finished-at="2023-03-14T23:29:54 IST" duration-ms="4440" status="PASS">
          <reporter-output>
          </reporter-output>
        </test-method> <!-- verifyLogin -->
        <test-method signature="logOutTest()[pri:0, instance:com.luna.testcases.NewRegistrationTest@5af3afd9]" started-at="2023-03-14T23:29:51 IST" name="logOutTest" finished-at="2023-03-14T23:29:57 IST" duration-ms="5581" status="PASS">
          <reporter-output>
          </reporter-output>
        </test-method> <!-- logOutTest -->
        <test-method is-config="true" signature="tearDown()[pri:0, instance:com.luna.testcases.NewRegistrationTest@5af3afd9]" started-at="2023-03-14T23:29:54 IST" name="tearDown" finished-at="2023-03-14T23:29:54 IST" duration-ms="306" status="PASS">
          <reporter-output>
          </reporter-output>
        </test-method> <!-- tearDown -->
        <test-method is-config="true" signature="tearDown()[pri:0, instance:com.luna.testcases.NewRegistrationTest@5af3afd9]" started-at="2023-03-14T23:29:57 IST" name="tearDown" finished-at="2023-03-14T23:29:57 IST" duration-ms="341" status="PASS">
          <reporter-output>
          </reporter-output>
        </test-method> <!-- tearDown -->
      </class> <!-- com.luna.testcases.NewRegistrationTest -->
    </test> <!-- Test -->
  </suite> <!-- Suite -->
</testng-results>
